starting  g3.59e11
gas density units: 1.25e+02 Msol a**-3 kpc**-3
max stellar particle mass: 13193.045
min stellar particle mass: 13193.045
566034 full star
5834484 full dust
528092 stars
441265 dust
time:  59.79551806487143
starting  g3.55e11
gas density units: 1.25e+02 Msol a**-3 kpc**-3
max stellar particle mass: 13193.045
min stellar particle mass: 13193.045
493749 full star
5174881 full dust
467639 stars
600009 dust
time:  61.97519939765334
starting  g5.46e11
gas density units: 1.25e+02 Msol a**-3 kpc**-3
max stellar particle mass: 13193.045
min stellar particle mass: 11886.625
884052 full star
6451940 full dust
464116 stars
335041 dust
time:  66.59695748239756
starting  g4.90e11
gas density units: 1.25e+02 Msol a**-3 kpc**-3
max stellar particle mass: 13193.045
min stellar particle mass: 11919.008
855317 full star
6453524 full dust
423867 stars
362782 dust
time:  65.59174203500152
starting  g5.38e11
gas density units: 1.25e+02 Msol a**-3 kpc**-3
max stellar particle mass: 105544.36
min stellar particle mass: 39579.133
655352 full star
5845009 full dust
640273 stars
278337 dust
time:  68.04337339103222
starting  g6.77e10
gas density units: 1.25e+02 Msol a**-3 kpc**-3
max stellar particle mass: 3909.0503
min stellar particle mass: 3909.0503
210443 full star
5464821 full dust
200582 stars
301966 dust
time:  123.67005178704858
starting  g7.12e10
gas density units: 1.25e+02 Msol a**-3 kpc**-3
max stellar particle mass: 3909.0503
min stellar particle mass: 3909.0503
338863 full star
5523499 full dust
264974 stars
162596 dust
time:  127.0942045263946
starting  g8.28e11
gas density units: 1.25e+02 Msol a**-3 kpc**-3
max stellar particle mass: 105544.36
min stellar particle mass: 95328.33
280057 full star
1433423 full dust
258276 stars
187560 dust
time:  19.254281021654606
starting  g7.44e11
gas density units: 1.25e+02 Msol a**-3 kpc**-3
max stellar particle mass: 105544.36
min stellar particle mass: 98058.37
288632 full star
1434575 full dust
276193 stars
225541 dust
time:  20.116129230707884
starting  g8.06e11
gas density units: 1.25e+02 Msol a**-3 kpc**-3
max stellar particle mass: 105544.36
min stellar particle mass: 95068.875
667954 full star
1077149 full dust
665353 stars
193730 dust
time:  20.513623436912894
starting  g8.26e11
gas density units: 1.25e+02 Msol a**-3 kpc**-3
max stellar particle mass: 105544.36
min stellar particle mass: 95151.195
744871 full star
1370571 full dust
730459 stars
138420 dust
time:  21.886263081803918
starting  g7.55e11
gas density units: 1.25e+02 Msol a**-3 kpc**-3
max stellar particle mass: 105544.36
min stellar particle mass: 95017.086
496629 full star
1739916 full dust
476683 stars
134875 dust
time:  22.220190016552806
starting  g7.66e11
gas density units: 1.25e+02 Msol a**-3 kpc**-3
max stellar particle mass: 105544.36
min stellar particle mass: 95023.91
919058 full star
1157101 full dust
902230 stars
47885 dust
time:  22.465950371697545
starting  g3.71e11
gas density units: 1.25e+02 Msol a**-3 kpc**-3
max stellar particle mass: 13193.045
min stellar particle mass: 11876.07
1544579 full star
5828052 full dust
1532048 stars
496883 dust
time:  80.2779114767909
starting  g8.13e11
gas density units: 1.25e+02 Msol a**-3 kpc**-3
max stellar particle mass: 105544.36
min stellar particle mass: 95074.42
1061345 full star
1278158 full dust
1035483 stars
54573 dust
time:  25.274910256266594
starting  g5.02e11
gas density units: 1.25e+02 Msol a**-3 kpc**-3
max stellar particle mass: 13193.045
min stellar particle mass: 11877.004
1834775 full star
6031556 full dust
1810101 stars
568936 dust
time:  87.45908416248858
starting  g5.55e11
gas density units: 1.25e+02 Msol a**-3 kpc**-3
max stellar particle mass: 13193.045
min stellar particle mass: 11874.904
2152398 full star
6411121 full dust
2047387 stars
366421 dust
time:  89.99237993359566
starting  g5.36e11
gas density units: 1.25e+02 Msol a**-3 kpc**-3
max stellar particle mass: 101599.875
min stellar particle mass: 39579.133
460695 full star
8290921 full dust
424872 stars
440174 dust
time:  93.21231629140675
starting  g5.31e11
gas density units: 1.25e+02 Msol a**-3 kpc**-3
max stellar particle mass: 105544.36
min stellar particle mass: 39579.133
828244 full star
13614764 full dust
552515 stars
176277 dust
time:  125.39451823756099
starting  g1.12e12
gas density units: 1.25e+02 Msol a**-3 kpc**-3
max stellar particle mass: 105544.36
min stellar particle mass: 95009.15
1259965 full star
1782625 full dust
1199531 stars
24002 dust
time:  69.60308832116425
starting  g1.77e12
gas density units: 1.25e+02 Msol a**-3 kpc**-3
max stellar particle mass: 105544.36
min stellar particle mass: 94998.805
2127686 full star
2346625 full dust
2015306 stars
94639 dust
time:  107.12193890288472
starting  g1.92e12
gas density units: 1.25e+02 Msol a**-3 kpc**-3
max stellar particle mass: 105544.36
min stellar particle mass: 95068.11
2473029 full star
1989668 full dust
2441924 stars
45113 dust
time:  112.61769850365818
starting  g2.79e12
gas density units: 1.25e+02 Msol a**-3 kpc**-3
max stellar particle mass: 105544.36
min stellar particle mass: 95007.414
3154289 full star
4457845 full dust
3034470 stars
202316 dust
time:  184.21986256726086
