starting  g3.23e11
gas density units: 1.25e+02 Msol kpc**-3 a**-3
max stellar particle mass: 13193.045
min stellar particle mass: 13193.045
63366 full star
2173272 full dust
44620 stars
136038 dust
time:  62.73150224937126
starting  g1.37e11
gas density units: 1.25e+02 Msol kpc**-3 a**-3
max stellar particle mass: 13193.045
min stellar particle mass: 12112.956
253049 full star
2030479 full dust
251110 stars
57620 dust
time:  180.7337445896119
starting  g3.49e11
gas density units: 1.25e+02 Msol a**-3 kpc**-3
max stellar particle mass: 13193.045
min stellar particle mass: 12332.816
594379 full star
5414259 full dust
40940 stars
60413 dust
time:  85.43113592080772
starting  g6.77e10
gas density units: 1.25e+02 Msol a**-3 kpc**-3
max stellar particle mass: 3909.0503
min stellar particle mass: 3909.0503
210443 full star
5464821 full dust
200582 stars
301966 dust
time:  216.90205845609307
starting  g7.12e10
gas density units: 1.25e+02 Msol kpc**-3 a**-3
max stellar particle mass: 3909.0503
min stellar particle mass: 3909.0503
338863 full star
5523499 full dust
264974 stars
162596 dust
time:  252.31075714016333
starting  g7.44e11
gas density units: 1.25e+02 Msol a**-3 kpc**-3
max stellar particle mass: 105544.36
min stellar particle mass: 98058.37
288632 full star
1434575 full dust
276193 stars
225541 dust
time:  224.38104643579572
starting  g2.41e11
gas density units: 1.25e+02 Msol kpc**-3 a**-3
max stellar particle mass: 13193.045
min stellar particle mass: 11966.382
508846 full star
3484276 full dust
495016 stars
196826 dust
time:  353.58495588134974
starting  g8.28e11
gas density units: 1.25e+02 Msol a**-3 kpc**-3
max stellar particle mass: 105544.36
min stellar particle mass: 95328.33
280057 full star
1433423 full dust
258276 stars
187560 dust
time:  247.7441960889846
starting  g7.55e11
gas density units: 1.25e+02 Msol a**-3 kpc**-3
max stellar particle mass: 105544.36
min stellar particle mass: 95017.086
496629 full star
1739916 full dust
476683 stars
134875 dust
time:  317.2274428908713
starting  g2.04e11
gas density units: 1.25e+02 Msol a**-3 kpc**-3
max stellar particle mass: 13193.045
min stellar particle mass: 11882.669
582237 full star
3883215 full dust
570175 stars
159377 dust
time:  432.6343492860906
starting  g7.08e11
gas density units: 1.25e+02 Msol a**-3 kpc**-3
max stellar particle mass: 105544.36
min stellar particle mass: 95069.56
490401 full star
1299880 full dust
467705 stars
115533 dust
time:  326.20456510875374
starting  g6.96e11
gas density units: 1.25e+02 Msol a**-3 kpc**-3
max stellar particle mass: 105544.36
min stellar particle mass: 95183.91
519450 full star
1222133 full dust
483120 stars
102073 dust
time:  343.83789006620646
starting  g2.39e11
gas density units: 1.25e+02 Msol kpc**-3 a**-3
max stellar particle mass: 13193.045
min stellar particle mass: 11894.721
701804 full star
3172311 full dust
695215 stars
185320 dust
time:  489.61579466587864
starting  g4.90e11
gas density units: 1.25e+02 Msol a**-3 kpc**-3
max stellar particle mass: 13193.045
min stellar particle mass: 11919.008
855317 full star
6453524 full dust
423867 stars
362782 dust
time:  379.920929512009
starting  g5.46e11
gas density units: 1.25e+02 Msol kpc**-3 a**-3
max stellar particle mass: 13193.045
min stellar particle mass: 11886.625
884052 full star
6451940 full dust
464116 stars
335041 dust
time:  390.86223625484854
starting  g2.42e11
gas density units: 1.25e+02 Msol a**-3 kpc**-3
max stellar particle mass: 13193.045
min stellar particle mass: 11894.642
703395 full star
3135135 full dust
678376 stars
125928 dust
time:  463.2914721989073
starting  g2.54e11
gas density units: 1.25e+02 Msol kpc**-3 a**-3
max stellar particle mass: 13193.045
min stellar particle mass: 12194.656
442743 full star
3917021 full dust
416451 stars
233310 dust
time:  405.9571125889197
starting  g3.21e11
gas density units: 1.25e+02 Msol a**-3 kpc**-3
max stellar particle mass: 13193.045
min stellar particle mass: 12263.028
487099 full star
6130981 full dust
441626 stars
272672 dust
time:  430.52067458676174
starting  g3.55e11
gas density units: 1.25e+02 Msol a**-3 kpc**-3
max stellar particle mass: 13193.045
min stellar particle mass: 13193.045
493749 full star
5174881 full dust
467639 stars
600009 dust
time:  480.1505109509453
starting  g5.31e11
gas density units: 1.25e+02 Msol kpc**-3 a**-3
max stellar particle mass: 105544.36
min stellar particle mass: 39579.133
828244 full star
13614764 full dust
552515 stars
176277 dust
time:  482.5142001300119
starting  g5.38e11
gas density units: 1.25e+02 Msol a**-3 kpc**-3
max stellar particle mass: 105544.36
min stellar particle mass: 39579.133
655352 full star
5845009 full dust
640273 stars
278337 dust
time:  487.5376171246171
starting  g3.59e11
gas density units: 1.25e+02 Msol kpc**-3 a**-3
max stellar particle mass: 13193.045
min stellar particle mass: 13193.045
566034 full star
5834484 full dust
528092 stars
441265 dust
time:  498.7082294598222
starting  g8.06e11
gas density units: 1.25e+02 Msol kpc**-3 a**-3
max stellar particle mass: 105544.36
min stellar particle mass: 95068.875
667954 full star
1077149 full dust
665353 stars
193730 dust
time:  499.74058981915005
starting  g8.26e11
gas density units: 1.25e+02 Msol kpc**-3 a**-3
max stellar particle mass: 105544.36
min stellar particle mass: 95151.195
744871 full star
1370571 full dust
730459 stars
138420 dust
time:  467.9506553239189
starting  g7.66e11
gas density units: 1.25e+02 Msol kpc**-3 a**-3
max stellar particle mass: 105544.36
min stellar particle mass: 95023.91
919058 full star
1157101 full dust
902230 stars
47885 dust
time:  558.5973647581413
starting  g5.36e11
gas density units: 1.25e+02 Msol kpc**-3 a**-3
max stellar particle mass: 101599.875
min stellar particle mass: 39579.133
460695 full star
8290921 full dust
424872 stars
440174 dust
time:  560.1091807582416
starting  g3.06e11
gas density units: 1.25e+02 Msol kpc**-3 a**-3
max stellar particle mass: 13193.045
min stellar particle mass: 11875.035
944810 full star
4864730 full dust
895508 stars
241634 dust
time:  698.7542442372069
starting  g8.13e11
gas density units: 1.25e+02 Msol a**-3 kpc**-3
max stellar particle mass: 105544.36
min stellar particle mass: 95074.42
1061345 full star
1278158 full dust
1035483 stars
54573 dust
time:  663.3366394927725
starting  g1.12e12
gas density units: 1.25e+02 Msol a**-3 kpc**-3
max stellar particle mass: 105544.36
min stellar particle mass: 95009.15
1259965 full star
1782625 full dust
1199531 stars
24002 dust
time:  771.8874990027398
starting  g3.71e11
gas density units: 1.25e+02 Msol kpc**-3 a**-3
max stellar particle mass: 13193.045
min stellar particle mass: 11876.07
1544579 full star
5828052 full dust
1532048 stars
496883 dust
time:  1308.4305568896234
starting  g1.77e12
gas density units: 1.25e+02 Msol a**-3 kpc**-3
max stellar particle mass: 105544.36
min stellar particle mass: 94998.805
2127686 full star
2346625 full dust
2015306 stars
94639 dust
time:  1286.1946200581733
starting  g5.02e11
gas density units: 1.25e+02 Msol kpc**-3 a**-3
max stellar particle mass: 13193.045
min stellar particle mass: 11877.004
1834775 full star
6031556 full dust
1810101 stars
568936 dust
time:  1431.4207745748572
starting  g1.92e12
gas density units: 1.25e+02 Msol a**-3 kpc**-3
max stellar particle mass: 105544.36
min stellar particle mass: 95068.11
2473029 full star
1989668 full dust
2441924 stars
45113 dust
time:  1544.2226514678914
starting  g5.55e11
gas density units: 1.25e+02 Msol kpc**-3 a**-3
max stellar particle mass: 13193.045
min stellar particle mass: 11874.904
2152398 full star
6411121 full dust
2047387 stars
366421 dust
time:  1763.6273642410524
starting  g2.79e12
gas density units: 1.25e+02 Msol a**-3 kpc**-3
max stellar particle mass: 105544.36
min stellar particle mass: 95007.414
3154289 full star
4457845 full dust
3034470 stars
202316 dust
time:  2012.2631576640997
