starting  g1.12e12
gas density units: 1.25e+02 Msol kpc**-3 a**-3
max stellar particle mass: 105544.36
min stellar particle mass: 95009.15
1259965 full star
1782625 full dust
1199531 stars
24002 dust
time:  281.95755865518004
starting  g8.06e11
gas density units: 1.25e+02 Msol kpc**-3 a**-3
max stellar particle mass: 105544.36
min stellar particle mass: 95068.875
667954 full star
1077149 full dust
665353 stars
193730 dust
time:  282.42056116834283
starting  g3.71e11
gas density units: 1.25e+02 Msol kpc**-3 a**-3
max stellar particle mass: 13193.045
min stellar particle mass: 11876.07
1544579 full star
5828052 full dust
1532048 stars
496883 dust
time:  823.0083049368113
starting  g1.77e12
gas density units: 1.25e+02 Msol kpc**-3 a**-3
max stellar particle mass: 105544.36
min stellar particle mass: 94998.805
2127686 full star
2346625 full dust
2015306 stars
94639 dust
time:  532.2935957051814
starting  g5.55e11
gas density units: 1.25e+02 Msol kpc**-3 a**-3
max stellar particle mass: 13193.045
min stellar particle mass: 11874.904
2152398 full star
6411121 full dust
2047387 stars
366421 dust
time:  982.4483649311587
starting  g1.92e12
gas density units: 1.25e+02 Msol kpc**-3 a**-3
max stellar particle mass: 105544.36
min stellar particle mass: 95068.11
2473029 full star
1989668 full dust
2441924 stars
45113 dust
time:  570.4651825120673
starting  g2.79e12
gas density units: 1.25e+02 Msol kpc**-3 a**-3
max stellar particle mass: 105544.36
min stellar particle mass: 95007.414
3154289 full star
4457845 full dust
3034470 stars
202316 dust
time:  821.6805959455669
