starting  g2.94e10
gas density units: 1.25e+02 Msol a**-3 kpc**-3
max stellar particle mass: 1158.2363
min stellar particle mass: 1158.2363
86957 full star
6678554 full dust
85475 stars
37223 dust
time:  56.17418625578284
starting  g6.12e10
gas density units: 1.25e+02 Msol a**-3 kpc**-3
max stellar particle mass: 3909.0503
min stellar particle mass: 3909.0503
84417 full star
5672904 full dust
38747 stars
122439 dust
time:  58.85624484717846
starting  g2.34e10
gas density units: 1.25e+02 Msol kpc**-3 a**-3
max stellar particle mass: 1158.2363
min stellar particle mass: 1158.2363
25065 full star
6165469 full dust
19709 stars
25344 dust
time:  61.093246806412935
starting  g2.64e10
gas density units: 1.25e+02 Msol a**-3 kpc**-3
max stellar particle mass: 1158.2363
min stellar particle mass: 1158.2363
44315 full star
7696440 full dust
43157 stars
558435 dust
time:  61.10266513004899
starting  g6.96e11
gas density units: 1.25e+02 Msol a**-3 kpc**-3
max stellar particle mass: 105544.36
min stellar particle mass: 95183.91
519450 full star
1222133 full dust
483120 stars
102073 dust
time:  16.826088275760412
starting  g7.08e11
gas density units: 1.25e+02 Msol a**-3 kpc**-3
max stellar particle mass: 105544.36
min stellar particle mass: 95069.56
490401 full star
1299880 full dust
467705 stars
115533 dust
time:  17.184000335633755
starting  g7.44e11
gas density units: 1.25e+02 Msol a**-3 kpc**-3
max stellar particle mass: 105544.36
min stellar particle mass: 98058.37
288632 full star
1434575 full dust
276193 stars
225541 dust
time:  18.407094553112984
starting  g8.28e11
gas density units: 1.25e+02 Msol a**-3 kpc**-3
max stellar particle mass: 105544.36
min stellar particle mass: 95328.33
280057 full star
1433423 full dust
258276 stars
187560 dust
time:  18.055754139088094
starting  g3.23e11
gas density units: 1.25e+02 Msol a**-3 kpc**-3
max stellar particle mass: 13193.045
min stellar particle mass: 13193.045
63366 full star
2173272 full dust
44620 stars
136038 dust
time:  18.938234198838472
starting  g8.06e11
gas density units: 1.25e+02 Msol a**-3 kpc**-3
max stellar particle mass: 105544.36
min stellar particle mass: 95068.875
667954 full star
1077149 full dust
665353 stars
193730 dust
time:  18.598195997066796
starting  g7.55e11
gas density units: 1.25e+02 Msol a**-3 kpc**-3
max stellar particle mass: 105544.36
min stellar particle mass: 95017.086
496629 full star
1739916 full dust
476683 stars
134875 dust
time:  21.114699409808964
starting  g8.26e11
gas density units: 1.25e+02 Msol a**-3 kpc**-3
max stellar particle mass: 105544.36
min stellar particle mass: 95151.195
744871 full star
1370571 full dust
730459 stars
138420 dust
time:  22.048603678122163
starting  g7.66e11
gas density units: 1.25e+02 Msol a**-3 kpc**-3
max stellar particle mass: 105544.36
min stellar particle mass: 95023.91
919058 full star
1157101 full dust
902230 stars
47885 dust
time:  22.116824643220752
starting  g8.13e11
gas density units: 1.25e+02 Msol a**-3 kpc**-3
max stellar particle mass: 105544.36
min stellar particle mass: 95074.42
1061345 full star
1278158 full dust
1035483 stars
54573 dust
time:  23.84277159627527
starting  g1.12e12
gas density units: 1.25e+02 Msol a**-3 kpc**-3
max stellar particle mass: 105544.36
min stellar particle mass: 95009.15
1259965 full star
1782625 full dust
1199531 stars
24002 dust
time:  29.732961494475603
starting  g2.42e11
gas density units: 1.25e+02 Msol a**-3 kpc**-3
max stellar particle mass: 13193.045
min stellar particle mass: 11894.642
703395 full star
3135135 full dust
678376 stars
125928 dust
time:  31.17111001908779
starting  g2.19e11
gas density units: 1.25e+02 Msol a**-3 kpc**-3
max stellar particle mass: 13193.045
min stellar particle mass: 13193.045
164394 full star
3672734 full dust
113630 stars
144538 dust
time:  34.38296426832676
starting  g2.39e11
gas density units: 1.25e+02 Msol a**-3 kpc**-3
max stellar particle mass: 13193.045
min stellar particle mass: 11894.721
701804 full star
3172311 full dust
695215 stars
185320 dust
time:  34.47660720348358
starting  g2.41e11
gas density units: 1.25e+02 Msol a**-3 kpc**-3
max stellar particle mass: 13193.045
min stellar particle mass: 11966.382
508846 full star
3484276 full dust
495016 stars
196826 dust
time:  34.62134309113026
starting  g2.54e11
gas density units: 1.25e+02 Msol a**-3 kpc**-3
max stellar particle mass: 13193.045
min stellar particle mass: 12194.656
442743 full star
3917021 full dust
416451 stars
233310 dust
time:  36.42833645269275
starting  g3.49e11
gas density units: 1.25e+02 Msol a**-3 kpc**-3
max stellar particle mass: 13193.045
min stellar particle mass: 12332.816
594379 full star
5414259 full dust
40940 stars
60413 dust
time:  45.90460930019617
starting  g3.06e11
gas density units: 1.25e+02 Msol a**-3 kpc**-3
max stellar particle mass: 13193.045
min stellar particle mass: 11875.035
944810 full star
4864730 full dust
895508 stars
241634 dust
time:  47.64533052965999
starting  g1.77e12
gas density units: 1.25e+02 Msol a**-3 kpc**-3
max stellar particle mass: 105544.36
min stellar particle mass: 94998.805
2127686 full star
2346625 full dust
2015306 stars
94639 dust
time:  47.73174546286464
starting  g1.92e12
gas density units: 1.25e+02 Msol a**-3 kpc**-3
max stellar particle mass: 105544.36
min stellar particle mass: 95068.11
2473029 full star
1989668 full dust
2441924 stars
45113 dust
time:  49.59899540990591
starting  g3.55e11
gas density units: 1.25e+02 Msol a**-3 kpc**-3
max stellar particle mass: 13193.045
min stellar particle mass: 13193.045
493749 full star
5174881 full dust
467639 stars
600009 dust
time:  55.29993074014783
starting  g3.21e11
gas density units: 1.25e+02 Msol a**-3 kpc**-3
max stellar particle mass: 13193.045
min stellar particle mass: 12263.028
487099 full star
6130981 full dust
441626 stars
272672 dust
time:  57.19547162204981
starting  g5.46e11
gas density units: 1.25e+02 Msol a**-3 kpc**-3
max stellar particle mass: 13193.045
min stellar particle mass: 11886.625
884052 full star
6451940 full dust
464116 stars
335041 dust
time:  57.924180284142494
starting  g3.59e11
gas density units: 1.25e+02 Msol a**-3 kpc**-3
max stellar particle mass: 13193.045
min stellar particle mass: 13193.045
566034 full star
5834484 full dust
528092 stars
441265 dust
time:  59.242345578968525
starting  g4.90e11
gas density units: 1.25e+02 Msol a**-3 kpc**-3
max stellar particle mass: 13193.045
min stellar particle mass: 11919.008
855317 full star
6453524 full dust
423867 stars
362782 dust
time:  59.30913472920656
starting  g5.38e11
gas density units: 1.25e+02 Msol a**-3 kpc**-3
max stellar particle mass: 105544.36
min stellar particle mass: 39579.133
655352 full star
5845009 full dust
640273 stars
278337 dust
time:  61.22916316613555
starting  g3.71e11
gas density units: 1.25e+02 Msol a**-3 kpc**-3
max stellar particle mass: 13193.045
min stellar particle mass: 11876.07
1544579 full star
5828052 full dust
1532048 stars
496883 dust
time:  75.63995253760368
starting  g5.55e11
gas density units: 1.25e+02 Msol a**-3 kpc**-3
max stellar particle mass: 13193.045
min stellar particle mass: 11874.904
2152398 full star
6411121 full dust
2047387 stars
366421 dust
time:  78.65023774281144
starting  g2.79e12
gas density units: 1.25e+02 Msol a**-3 kpc**-3
max stellar particle mass: 105544.36
min stellar particle mass: 95007.414
3154289 full star
4457845 full dust
3034470 stars
202316 dust
time:  79.6846172735095
starting  g5.36e11
gas density units: 1.25e+02 Msol a**-3 kpc**-3
max stellar particle mass: 101599.875
min stellar particle mass: 39579.133
460695 full star
8290921 full dust
424872 stars
440174 dust
time:  80.95025019347668
starting  g5.02e11
gas density units: 1.25e+02 Msol a**-3 kpc**-3
max stellar particle mass: 13193.045
min stellar particle mass: 11877.004
1834775 full star
6031556 full dust
1810101 stars
568936 dust
time:  88.55400750413537
starting  g5.31e11
gas density units: 1.25e+02 Msol a**-3 kpc**-3
max stellar particle mass: 105544.36
min stellar particle mass: 39579.133
828244 full star
13614764 full dust
552515 stars
176277 dust
time:  119.78062998503447
