galaxy-r: head background at: 0.0 sec
galaxy-r: head psf at: 2.2 sec
galaxy-r: head center at: 2.2 sec
galaxy-r: head isophoteinit at: 9.0 sec
galaxy-r: head isophotefit at: 13.2 sec
galaxy-r: head isophoteextract at: 35.6 sec
galaxy-r: head checkfit at: 42.2 sec
galaxy-r: head writeprof at: 42.4 sec
galaxy-r: Processing Complete! (at 42.4 sec)
galaxy-r: head background at: 0.0 sec
galaxy-r: head psf at: 2.0 sec
galaxy-r: head center at: 2.0 sec
galaxy-r: head isophoteinit at: 3.3 sec
galaxy-r: head isophotefit at: 7.6 sec
galaxy-r: head isophoteextract at: 25.4 sec
galaxy-r: head checkfit at: 31.8 sec
galaxy-r: head writeprof at: 32.0 sec
galaxy-r: Processing Complete! (at 32.0 sec)
galaxy-r: head background at: 0.0 sec
galaxy-r: head psf at: 2.1 sec
galaxy-r: head center at: 2.1 sec
galaxy-r: head isophoteinit at: 4.5 sec
galaxy-r: head isophotefit at: 8.4 sec
galaxy-r: head isophoteextract at: 26.0 sec
galaxy-r: head checkfit at: 32.8 sec
galaxy-r: head writeprof at: 33.1 sec
galaxy-r: Processing Complete! (at 33.1 sec)
galaxy-r: head background at: 0.0 sec
galaxy-r: head psf at: 2.0 sec
galaxy-r: head center at: 2.0 sec
galaxy-r: head isophoteinit at: 4.4 sec
galaxy-r: head isophotefit at: 8.5 sec
galaxy-r: head isophoteextract at: 45.0 sec
galaxy-r: head checkfit at: 51.8 sec
galaxy-r: head writeprof at: 52.1 sec
galaxy-r: Processing Complete! (at 52.1 sec)
galaxy-r: head background at: 0.0 sec
galaxy-r: head psf at: 2.0 sec
galaxy-r: head center at: 2.0 sec
galaxy-r: head isophoteinit at: 4.7 sec
galaxy-r: head isophotefit at: 8.1 sec
galaxy-r: head isophoteextract at: 25.3 sec
galaxy-r: head checkfit at: 32.1 sec
galaxy-r: head writeprof at: 32.3 sec
galaxy-r: Processing Complete! (at 32.4 sec)
galaxy-r: head background at: 0.0 sec
galaxy-r: head psf at: 2.2 sec
galaxy-r: head center at: 2.2 sec
galaxy-r: head isophoteinit at: 4.0 sec
galaxy-r: head isophotefit at: 7.9 sec
galaxy-r: head isophoteextract at: 24.5 sec
galaxy-r: head checkfit at: 31.4 sec
galaxy-r: head writeprof at: 31.7 sec
galaxy-r: Processing Complete! (at 31.7 sec)
galaxy-r: head background at: 0.0 sec
galaxy-r: head psf at: 2.0 sec
galaxy-r: head center at: 2.0 sec
galaxy-r: head isophoteinit at: 4.5 sec
galaxy-r: head isophotefit at: 8.2 sec
galaxy-r: head isophoteextract at: 25.4 sec
galaxy-r: head checkfit at: 32.0 sec
galaxy-r: head writeprof at: 32.3 sec
galaxy-r: Processing Complete! (at 32.3 sec)
galaxy-r: head background at: 0.0 sec
galaxy-r: head psf at: 2.1 sec
galaxy-r: head center at: 2.1 sec
galaxy-r: head isophoteinit at: 5.1 sec
galaxy-r: head isophotefit at: 9.0 sec
galaxy-r: head isophoteextract at: 31.5 sec
galaxy-r: head checkfit at: 38.4 sec
galaxy-r: head writeprof at: 38.6 sec
galaxy-r: Processing Complete! (at 38.6 sec)
galaxy-r: head background at: 0.0 sec
galaxy-r: head psf at: 2.1 sec
galaxy-r: head center at: 2.1 sec
galaxy-r: head isophoteinit at: 3.9 sec
galaxy-r: head isophotefit at: 7.9 sec
galaxy-r: head isophoteextract at: 23.2 sec
galaxy-r: head checkfit at: 30.0 sec
galaxy-r: head writeprof at: 30.3 sec
galaxy-r: Processing Complete! (at 30.3 sec)
galaxy-r: head background at: 0.0 sec
galaxy-r: head psf at: 2.2 sec
galaxy-r: head center at: 2.2 sec
galaxy-r: head isophoteinit at: 4.7 sec
galaxy-r: head isophotefit at: 8.7 sec
galaxy-r: head isophoteextract at: 82.1 sec
galaxy-r: head checkfit at: 88.9 sec
galaxy-r: head writeprof at: 89.2 sec
galaxy-r: Processing Complete! (at 89.2 sec)
galaxy-r: head background at: 0.0 sec
galaxy-r: head psf at: 2.2 sec
galaxy-r: head center at: 2.2 sec
galaxy-r: head isophoteinit at: 4.2 sec
galaxy-r: head isophotefit at: 8.4 sec
galaxy-r: head isophoteextract at: 25.3 sec
galaxy-r: head checkfit at: 31.8 sec
galaxy-r: head writeprof at: 32.1 sec
galaxy-r: Processing Complete! (at 32.1 sec)
galaxy-r: head background at: 0.0 sec
galaxy-r: head psf at: 2.1 sec
galaxy-r: head center at: 2.1 sec
galaxy-r: head isophoteinit at: 4.8 sec
galaxy-r: head isophotefit at: 9.1 sec
galaxy-r: head isophoteextract at: 24.7 sec
galaxy-r: head checkfit at: 31.2 sec
galaxy-r: head writeprof at: 31.5 sec
galaxy-r: Processing Complete! (at 31.5 sec)
galaxy-r: head background at: 0.0 sec
galaxy-r: head psf at: 2.1 sec
galaxy-r: head center at: 2.1 sec
galaxy-r: head isophoteinit at: 4.6 sec
galaxy-r: head isophotefit at: 8.6 sec
galaxy-r: head isophoteextract at: 61.0 sec
galaxy-r: head checkfit at: 67.8 sec
galaxy-r: head writeprof at: 68.1 sec
galaxy-r: Processing Complete! (at 68.1 sec)
galaxy-r: head background at: 0.0 sec
galaxy-r: head psf at: 2.1 sec
galaxy-r: head center at: 2.1 sec
galaxy-r: head isophoteinit at: 4.2 sec
galaxy-r: head isophotefit at: 7.9 sec
galaxy-r: head isophoteextract at: 33.6 sec
galaxy-r: head checkfit at: 40.2 sec
galaxy-r: head writeprof at: 40.4 sec
galaxy-r: Processing Complete! (at 40.5 sec)
galaxy-r: head background at: 0.0 sec
galaxy-r: head psf at: 2.1 sec
galaxy-r: head center at: 2.1 sec
galaxy-r: head isophoteinit at: 5.7 sec
galaxy-r: head isophotefit at: 10.1 sec
galaxy-r: head isophoteextract at: 26.9 sec
galaxy-r: head checkfit at: 33.2 sec
galaxy-r: head writeprof at: 33.5 sec
galaxy-r: Processing Complete! (at 33.5 sec)
galaxy-r: head background at: 0.0 sec
galaxy-r: head psf at: 2.1 sec
galaxy-r: head center at: 2.1 sec
galaxy-r: head isophoteinit at: 4.8 sec
galaxy-r: head isophotefit at: 8.7 sec
galaxy-r: head isophoteextract at: 26.4 sec
galaxy-r: head checkfit at: 33.2 sec
galaxy-r: head writeprof at: 33.5 sec
galaxy-r: Processing Complete! (at 33.5 sec)
galaxy-r: head background at: 0.0 sec
galaxy-r: head psf at: 2.1 sec
galaxy-r: head center at: 2.1 sec
galaxy-r: head isophoteinit at: 5.0 sec
galaxy-r: head isophotefit at: 9.5 sec
galaxy-r: head isophoteextract at: 32.4 sec
galaxy-r: head checkfit at: 38.3 sec
galaxy-r: head writeprof at: 38.5 sec
galaxy-r: Processing Complete! (at 38.5 sec)
galaxy-r: head background at: 0.0 sec
galaxy-r: head psf at: 2.1 sec
galaxy-r: head center at: 2.1 sec
galaxy-r: head isophoteinit at: 3.7 sec
galaxy-r: head isophotefit at: 6.9 sec
galaxy-r: head isophoteextract at: 72.5 sec
galaxy-r: head checkfit at: 79.1 sec
galaxy-r: head writeprof at: 79.3 sec
galaxy-r: Processing Complete! (at 79.4 sec)
galaxy-r: head background at: 0.0 sec
galaxy-r: head psf at: 2.1 sec
galaxy-r: head center at: 2.1 sec
galaxy-r: head isophoteinit at: 3.8 sec
galaxy-r: head isophotefit at: 7.3 sec
galaxy-r: head isophoteextract at: 38.4 sec
galaxy-r: head checkfit at: 45.3 sec
galaxy-r: head writeprof at: 45.5 sec
galaxy-r: Processing Complete! (at 45.6 sec)
galaxy-r: head background at: 0.0 sec
galaxy-r: head psf at: 2.0 sec
galaxy-r: head center at: 2.0 sec
galaxy-r: head isophoteinit at: 4.3 sec
galaxy-r: head isophotefit at: 8.7 sec
galaxy-r: head isophoteextract at: 37.6 sec
galaxy-r: head checkfit at: 44.1 sec
galaxy-r: head writeprof at: 44.4 sec
galaxy-r: Processing Complete! (at 44.4 sec)
galaxy-r: head background at: 0.0 sec
galaxy-r: head psf at: 2.2 sec
galaxy-r: head center at: 2.2 sec
galaxy-r: head isophoteinit at: 4.4 sec
galaxy-r: head isophotefit at: 8.9 sec
galaxy-r: head isophoteextract at: 26.9 sec
galaxy-r: head checkfit at: 35.2 sec
galaxy-r: head writeprof at: 35.4 sec
galaxy-r: Processing Complete! (at 35.4 sec)
galaxy-r: head background at: 0.0 sec
galaxy-r: head psf at: 2.4 sec
galaxy-r: head center at: 2.4 sec
galaxy-r: head isophoteinit at: 4.2 sec
galaxy-r: head isophotefit at: 7.5 sec
galaxy-r: head isophoteextract at: 77.9 sec
galaxy-r: head checkfit at: 85.2 sec
galaxy-r: head writeprof at: 85.5 sec
galaxy-r: Processing Complete! (at 85.5 sec)
galaxy-r: head background at: 0.0 sec
galaxy-r: head psf at: 2.1 sec
galaxy-r: head center at: 2.1 sec
galaxy-r: head isophoteinit at: 3.8 sec
galaxy-r: head isophotefit at: 8.0 sec
galaxy-r: head isophoteextract at: 79.6 sec
galaxy-r: head checkfit at: 86.8 sec
galaxy-r: head writeprof at: 87.1 sec
galaxy-r: Processing Complete! (at 87.1 sec)
galaxy-r: head background at: 0.0 sec
galaxy-r: head psf at: 2.3 sec
galaxy-r: head center at: 2.3 sec
galaxy-r: head isophoteinit at: 4.0 sec
galaxy-r: head isophotefit at: 8.2 sec
galaxy-r: head isophoteextract at: 33.0 sec
galaxy-r: head checkfit at: 41.3 sec
galaxy-r: head writeprof at: 41.5 sec
galaxy-r: Processing Complete! (at 41.5 sec)
galaxy-r: head background at: 0.0 sec
galaxy-r: head psf at: 2.4 sec
galaxy-r: head center at: 2.4 sec
galaxy-r: head isophoteinit at: 6.9 sec
galaxy-r: head isophotefit at: 11.5 sec
galaxy-r: head isophoteextract at: 30.8 sec
galaxy-r: head checkfit at: 37.8 sec
galaxy-r: head writeprof at: 38.1 sec
galaxy-r: Processing Complete! (at 38.1 sec)
galaxy-r: head background at: 0.0 sec
galaxy-r: head psf at: 2.3 sec
galaxy-r: head center at: 2.3 sec
galaxy-r: head isophoteinit at: 4.6 sec
galaxy-r: head isophotefit at: 8.6 sec
galaxy-r: head isophoteextract at: 30.7 sec
galaxy-r: head checkfit at: 37.6 sec
galaxy-r: head writeprof at: 37.8 sec
galaxy-r: Processing Complete! (at 37.8 sec)
galaxy-r: head background at: 0.0 sec
galaxy-r: head psf at: 2.6 sec
galaxy-r: head center at: 2.6 sec
galaxy-r: head isophoteinit at: 4.2 sec
galaxy-r: head isophotefit at: 8.1 sec
galaxy-r: head isophoteextract at: 25.8 sec
galaxy-r: head checkfit at: 33.6 sec
galaxy-r: head writeprof at: 33.8 sec
galaxy-r: Processing Complete! (at 33.8 sec)
galaxy-r: head background at: 0.0 sec
galaxy-r: head psf at: 2.4 sec
galaxy-r: head center at: 2.4 sec
galaxy-r: head isophoteinit at: 5.2 sec
galaxy-r: head isophotefit at: 10.6 sec
galaxy-r: head isophoteextract at: 28.5 sec
galaxy-r: head checkfit at: 35.7 sec
galaxy-r: head writeprof at: 36.0 sec
galaxy-r: Processing Complete! (at 36.0 sec)
galaxy-r: head background at: 0.0 sec
galaxy-r: head psf at: 2.2 sec
galaxy-r: head center at: 2.2 sec
galaxy-r: head isophoteinit at: 4.5 sec
galaxy-r: head isophotefit at: 8.2 sec
galaxy-r: head isophoteextract at: 35.7 sec
galaxy-r: head checkfit at: 44.0 sec
galaxy-r: head writeprof at: 44.3 sec
galaxy-r: Processing Complete! (at 44.3 sec)
galaxy-r: head background at: 0.0 sec
galaxy-r: head psf at: 2.4 sec
galaxy-r: head center at: 2.4 sec
galaxy-r: head isophoteinit at: 4.8 sec
galaxy-r: head isophotefit at: 9.7 sec
galaxy-r: head isophoteextract at: 29.3 sec
galaxy-r: head checkfit at: 37.0 sec
galaxy-r: head writeprof at: 37.3 sec
galaxy-r: Processing Complete! (at 37.3 sec)
galaxy-r: head background at: 0.0 sec
galaxy-r: head psf at: 2.3 sec
galaxy-r: head center at: 2.3 sec
galaxy-r: head isophoteinit at: 5.3 sec
galaxy-r: head isophotefit at: 8.1 sec
galaxy-r: head isophoteextract at: 88.3 sec
galaxy-r: head checkfit at: 95.4 sec
galaxy-r: head writeprof at: 95.7 sec
galaxy-r: Processing Complete! (at 95.7 sec)
galaxy-r: head background at: 0.0 sec
galaxy-r: head psf at: 2.3 sec
galaxy-r: head center at: 2.3 sec
galaxy-r: head isophoteinit at: 4.1 sec
galaxy-r: head isophotefit at: 9.8 sec
galaxy-r: head isophoteextract at: 32.4 sec
galaxy-r: head checkfit at: 39.3 sec
galaxy-r: head writeprof at: 39.6 sec
galaxy-r: Processing Complete! (at 39.6 sec)
galaxy-r: head background at: 0.0 sec
galaxy-r: head psf at: 2.1 sec
galaxy-r: head center at: 2.1 sec
galaxy-r: head isophoteinit at: 3.5 sec
galaxy-r: head isophotefit at: 9.0 sec
galaxy-r: head isophoteextract at: 32.1 sec
galaxy-r: head checkfit at: 40.3 sec
galaxy-r: head writeprof at: 40.6 sec
galaxy-r: Processing Complete! (at 40.6 sec)
galaxy-r: head background at: 0.0 sec
galaxy-r: head psf at: 2.4 sec
galaxy-r: head center at: 2.4 sec
galaxy-r: head isophoteinit at: 4.6 sec
galaxy-r: head isophotefit at: 9.0 sec
galaxy-r: head isophoteextract at: 31.8 sec
galaxy-r: head checkfit at: 39.3 sec
galaxy-r: head writeprof at: 39.6 sec
galaxy-r: Processing Complete! (at 39.6 sec)
galaxy-r: head background at: 0.0 sec
galaxy-r: head psf at: 2.2 sec
galaxy-r: head center at: 2.2 sec
galaxy-r: head isophoteinit at: 4.0 sec
galaxy-r: head isophotefit at: 8.0 sec
galaxy-r: head isophoteextract at: 25.1 sec
galaxy-r: head checkfit at: 34.0 sec
galaxy-r: head writeprof at: 34.3 sec
galaxy-r: Processing Complete! (at 34.3 sec)
galaxy-r: head background at: 0.0 sec
galaxy-r: head psf at: 2.2 sec
galaxy-r: head center at: 2.2 sec
galaxy-r: head isophoteinit at: 4.3 sec
galaxy-r: head isophotefit at: 9.3 sec
galaxy-r: head isophoteextract at: 55.2 sec
galaxy-r: head checkfit at: 62.5 sec
galaxy-r: head writeprof at: 62.7 sec
galaxy-r: Processing Complete! (at 62.7 sec)
galaxy-r: head background at: 0.0 sec
galaxy-r: head psf at: 2.3 sec
galaxy-r: head center at: 2.3 sec
galaxy-r: head isophoteinit at: 6.9 sec
galaxy-r: head isophotefit at: 11.6 sec
galaxy-r: head isophoteextract at: 53.2 sec
galaxy-r: head checkfit at: 61.1 sec
galaxy-r: head writeprof at: 61.3 sec
galaxy-r: Processing Complete! (at 61.3 sec)
galaxy-r: head background at: 0.0 sec
galaxy-r: head psf at: 2.4 sec
galaxy-r: head center at: 2.4 sec
galaxy-r: head isophoteinit at: 4.0 sec
galaxy-r: head isophotefit at: 9.4 sec
galaxy-r: head isophoteextract at: 34.0 sec
galaxy-r: head checkfit at: 41.3 sec
galaxy-r: head writeprof at: 41.5 sec
galaxy-r: Processing Complete! (at 41.5 sec)
/ext3/miniconda3/lib/python3.8/site-packages/numpy/core/fromnumeric.py:3474: RuntimeWarning: Mean of empty slice.
  return _methods._mean(a, axis=axis, dtype=dtype,
/ext3/miniconda3/lib/python3.8/site-packages/numpy/core/_methods.py:189: RuntimeWarning: invalid value encountered in double_scalars
  ret = ret.dtype.type(ret / rcount)
galaxy-r: head background at: 0.0 sec
galaxy-r: head psf at: 2.3 sec
galaxy-r: head center at: 2.3 sec
galaxy-r: head isophoteinit at: 4.2 sec
galaxy-r: head isophotefit at: 8.2 sec
galaxy-r: head isophoteextract at: 82.9 sec
galaxy-r: head checkfit at: 90.7 sec
galaxy-r: head writeprof at: 91.0 sec
galaxy-r: Processing Complete! (at 91.0 sec)
galaxy-r: head background at: 0.0 sec
galaxy-r: head psf at: 2.2 sec
galaxy-r: head center at: 2.2 sec
galaxy-r: head isophoteinit at: 3.8 sec
galaxy-r: head isophotefit at: 8.1 sec
galaxy-r: head isophoteextract at: 28.8 sec
galaxy-r: head checkfit at: 38.5 sec
galaxy-r: head writeprof at: 38.8 sec
galaxy-r: Processing Complete! (at 38.8 sec)
galaxy-r: head background at: 0.0 sec
galaxy-r: head psf at: 2.4 sec
galaxy-r: head center at: 2.4 sec
galaxy-r: head isophoteinit at: 4.1 sec
galaxy-r: head isophotefit at: 9.2 sec
galaxy-r: head isophoteextract at: 40.3 sec
galaxy-r: head checkfit at: 48.3 sec
galaxy-r: head writeprof at: 48.5 sec
galaxy-r: Processing Complete! (at 48.5 sec)
galaxy-r: head background at: 0.0 sec
galaxy-r: head psf at: 2.4 sec
galaxy-r: head center at: 2.4 sec
galaxy-r: head isophoteinit at: 6.5 sec
galaxy-r: head isophotefit at: 10.7 sec
galaxy-r: head isophoteextract at: 31.0 sec
galaxy-r: head checkfit at: 38.4 sec
galaxy-r: head writeprof at: 38.6 sec
galaxy-r: Processing Complete! (at 38.6 sec)
galaxy-r: head background at: 0.0 sec
galaxy-r: head psf at: 2.9 sec
galaxy-r: head center at: 2.9 sec
galaxy-r: head isophoteinit at: 6.2 sec
galaxy-r: head isophotefit at: 11.4 sec
galaxy-r: head isophoteextract at: 67.3 sec
galaxy-r: head checkfit at: 74.9 sec
galaxy-r: head writeprof at: 75.1 sec
galaxy-r: Processing Complete! (at 75.2 sec)
galaxy-r: head background at: 0.0 sec
galaxy-r: head psf at: 2.3 sec
galaxy-r: head center at: 2.3 sec
galaxy-r: head isophoteinit at: 4.3 sec
galaxy-r: head isophotefit at: 8.2 sec
galaxy-r: head isophoteextract at: 30.5 sec
galaxy-r: head checkfit at: 40.1 sec
galaxy-r: head writeprof at: 40.4 sec
galaxy-r: Processing Complete! (at 40.4 sec)
galaxy-r: head background at: 0.0 sec
galaxy-r: head psf at: 2.4 sec
galaxy-r: head center at: 2.4 sec
galaxy-r: head isophoteinit at: 4.9 sec
galaxy-r: head isophotefit at: 8.7 sec
galaxy-r: head isophoteextract at: 33.2 sec
galaxy-r: head checkfit at: 40.8 sec
galaxy-r: head writeprof at: 41.1 sec
galaxy-r: Processing Complete! (at 41.1 sec)
galaxy-r: head background at: 0.0 sec
galaxy-r: head psf at: 2.3 sec
galaxy-r: head center at: 2.3 sec
galaxy-r: head isophoteinit at: 4.0 sec
galaxy-r: head isophotefit at: 7.7 sec
galaxy-r: head isophoteextract at: 62.2 sec
galaxy-r: head checkfit at: 69.3 sec
galaxy-r: head writeprof at: 69.5 sec
galaxy-r: Processing Complete! (at 69.5 sec)
galaxy-r: head background at: 0.0 sec
galaxy-r: head psf at: 2.2 sec
galaxy-r: head center at: 2.2 sec
galaxy-r: head isophoteinit at: 4.0 sec
galaxy-r: head isophotefit at: 7.4 sec
galaxy-r: head isophoteextract at: 69.4 sec
galaxy-r: head checkfit at: 76.6 sec
galaxy-r: head writeprof at: 76.9 sec
galaxy-r: Processing Complete! (at 76.9 sec)
galaxy-r: head background at: 0.0 sec
galaxy-r: head psf at: 2.1 sec
galaxy-r: head center at: 2.1 sec
galaxy-r: head isophoteinit at: 4.0 sec
galaxy-r: head isophotefit at: 8.7 sec
galaxy-r: head isophoteextract at: 31.1 sec
galaxy-r: head checkfit at: 39.4 sec
galaxy-r: head writeprof at: 39.7 sec
galaxy-r: Processing Complete! (at 39.7 sec)
galaxy-r: head background at: 0.0 sec
galaxy-r: head psf at: 2.4 sec
galaxy-r: head center at: 2.4 sec
galaxy-r: head isophoteinit at: 4.1 sec
galaxy-r: head isophotefit at: 9.3 sec
galaxy-r: head isophoteextract at: 33.5 sec
galaxy-r: head checkfit at: 40.8 sec
galaxy-r: head writeprof at: 41.0 sec
galaxy-r: Processing Complete! (at 41.0 sec)
galaxy-r: head background at: 0.0 sec
galaxy-r: head psf at: 2.3 sec
galaxy-r: head center at: 2.3 sec
galaxy-r: head isophoteinit at: 4.3 sec
galaxy-r: head isophotefit at: 8.9 sec
galaxy-r: head isophoteextract at: 37.9 sec
galaxy-r: head checkfit at: 45.9 sec
galaxy-r: head writeprof at: 46.1 sec
galaxy-r: Processing Complete! (at 46.1 sec)
galaxy-r: head background at: 0.0 sec
galaxy-r: head psf at: 2.4 sec
galaxy-r: head center at: 2.4 sec
galaxy-r: head isophoteinit at: 4.2 sec
galaxy-r: head isophotefit at: 8.2 sec
galaxy-r: head isophoteextract at: 48.3 sec
galaxy-r: head checkfit at: 55.3 sec
galaxy-r: head writeprof at: 55.5 sec
galaxy-r: Processing Complete! (at 55.5 sec)
galaxy-r: head background at: 0.0 sec
galaxy-r: head psf at: 2.3 sec
galaxy-r: head center at: 2.3 sec
galaxy-r: head isophoteinit at: 3.9 sec
galaxy-r: head isophotefit at: 8.0 sec
galaxy-r: head isophoteextract at: 59.4 sec
galaxy-r: head checkfit at: 67.3 sec
galaxy-r: head writeprof at: 67.6 sec
galaxy-r: Processing Complete! (at 67.6 sec)
galaxy-r: head background at: 0.0 sec
galaxy-r: head psf at: 2.4 sec
galaxy-r: head center at: 2.4 sec
galaxy-r: head isophoteinit at: 5.3 sec
galaxy-r: head isophotefit at: 9.9 sec
galaxy-r: head isophoteextract at: 32.5 sec
galaxy-r: head checkfit at: 39.7 sec
galaxy-r: head writeprof at: 39.9 sec
galaxy-r: Processing Complete! (at 40.0 sec)
galaxy-r: head background at: 0.0 sec
galaxy-r: head psf at: 3.0 sec
galaxy-r: head center at: 3.0 sec
galaxy-r: head isophoteinit at: 4.8 sec
galaxy-r: head isophotefit at: 10.0 sec
galaxy-r: head isophoteextract at: 37.6 sec
galaxy-r: head checkfit at: 45.4 sec
galaxy-r: head writeprof at: 45.6 sec
galaxy-r: Processing Complete! (at 45.6 sec)
galaxy-r: head background at: 0.0 sec
galaxy-r: head psf at: 2.3 sec
galaxy-r: head center at: 2.3 sec
galaxy-r: head isophoteinit at: 4.0 sec
galaxy-r: head isophotefit at: 8.0 sec
galaxy-r: head isophoteextract at: 22.9 sec
galaxy-r: head checkfit at: 30.3 sec
galaxy-r: head writeprof at: 30.5 sec
galaxy-r: Processing Complete! (at 30.5 sec)
galaxy-r: head background at: 0.0 sec
galaxy-r: head psf at: 2.2 sec
galaxy-r: head center at: 2.2 sec
galaxy-r: head isophoteinit at: 4.0 sec
galaxy-r: head isophotefit at: 8.8 sec
galaxy-r: head isophoteextract at: 34.4 sec
galaxy-r: head checkfit at: 40.2 sec
galaxy-r: head writeprof at: 40.4 sec
galaxy-r: Processing Complete! (at 40.4 sec)
galaxy-r: head background at: 0.0 sec
galaxy-r: head psf at: 2.0 sec
galaxy-r: head center at: 2.0 sec
galaxy-r: head isophoteinit at: 3.6 sec
galaxy-r: head isophotefit at: 7.1 sec
galaxy-r: head isophoteextract at: 23.3 sec
galaxy-r: head checkfit at: 30.4 sec
galaxy-r: head writeprof at: 30.6 sec
galaxy-r: Processing Complete! (at 30.6 sec)
galaxy-r: head background at: 0.0 sec
galaxy-r: head psf at: 2.1 sec
galaxy-r: head center at: 2.1 sec
galaxy-r: head isophoteinit at: 3.6 sec
galaxy-r: head isophotefit at: 6.5 sec
galaxy-r: head isophoteextract at: 29.2 sec
galaxy-r: head checkfit at: 33.6 sec
galaxy-r: head writeprof at: 33.8 sec
galaxy-r: Processing Complete! (at 33.8 sec)
galaxy-r: head background at: 0.0 sec
galaxy-r: head psf at: 2.2 sec
galaxy-r: head center at: 2.2 sec
galaxy-r: head isophoteinit at: 3.9 sec
galaxy-r: head isophotefit at: 8.0 sec
galaxy-r: head isophoteextract at: 36.1 sec
galaxy-r: head checkfit at: 43.2 sec
galaxy-r: head writeprof at: 43.5 sec
galaxy-r: Processing Complete! (at 43.5 sec)
galaxy-r: head background at: 0.0 sec
galaxy-r: head psf at: 2.1 sec
galaxy-r: head center at: 2.1 sec
galaxy-r: head isophoteinit at: 5.8 sec
galaxy-r: head isophotefit at: 9.7 sec
galaxy-r: head isophoteextract at: 35.6 sec
galaxy-r: head checkfit at: 41.8 sec
galaxy-r: head writeprof at: 42.0 sec
galaxy-r: Processing Complete! (at 42.0 sec)
galaxy-r: head background at: 0.0 sec
galaxy-r: head psf at: 2.1 sec
galaxy-r: head center at: 2.1 sec
galaxy-r: head isophoteinit at: 4.1 sec
galaxy-r: head isophotefit at: 8.4 sec
galaxy-r: head isophoteextract at: 27.1 sec
galaxy-r: head checkfit at: 33.9 sec
galaxy-r: head writeprof at: 34.1 sec
galaxy-r: Processing Complete! (at 34.1 sec)
galaxy-r: head background at: 0.0 sec
galaxy-r: head psf at: 2.2 sec
galaxy-r: head center at: 2.2 sec
galaxy-r: head isophoteinit at: 3.5 sec
galaxy-r: head isophotefit at: 8.3 sec
galaxy-r: head isophoteextract at: 38.9 sec
galaxy-r: head checkfit at: 45.4 sec
galaxy-r: head writeprof at: 45.7 sec
galaxy-r: Processing Complete! (at 45.7 sec)
galaxy-r: head background at: 0.0 sec
galaxy-r: head psf at: 2.2 sec
galaxy-r: head center at: 2.2 sec
galaxy-r: head isophoteinit at: 4.2 sec
galaxy-r: head isophotefit at: 9.2 sec
galaxy-r: head isophoteextract at: 38.4 sec
galaxy-r: head checkfit at: 44.0 sec
galaxy-r: head writeprof at: 44.2 sec
galaxy-r: Processing Complete! (at 44.2 sec)
galaxy-r: head background at: 0.0 sec
galaxy-r: head psf at: 2.2 sec
galaxy-r: head center at: 2.2 sec
galaxy-r: head isophoteinit at: 3.5 sec
galaxy-r: head isophotefit at: 7.1 sec
galaxy-r: head isophoteextract at: 23.1 sec
galaxy-r: head checkfit at: 30.0 sec
galaxy-r: head writeprof at: 30.2 sec
galaxy-r: Processing Complete! (at 30.2 sec)
galaxy-r: head background at: 0.0 sec
galaxy-r: head psf at: 2.2 sec
galaxy-r: head center at: 2.2 sec
galaxy-r: head isophoteinit at: 4.2 sec
galaxy-r: head isophotefit at: 8.0 sec
galaxy-r: head isophoteextract at: 28.4 sec
galaxy-r: head checkfit at: 35.3 sec
galaxy-r: head writeprof at: 35.6 sec
galaxy-r: Processing Complete! (at 35.6 sec)
/ext3/miniconda3/lib/python3.8/site-packages/astropy/visualization/lupton_rgb.py:167: RuntimeWarning: overflow encountered in true_divide
  np.where(r0 >= pixmax, c*pixmax/r0, c),
/ext3/miniconda3/lib/python3.8/site-packages/astropy/visualization/lupton_rgb.py:170: RuntimeWarning: overflow encountered in true_divide
  np.where(g0 >= pixmax, c*pixmax/g0, c),
/ext3/miniconda3/lib/python3.8/site-packages/astropy/visualization/lupton_rgb.py:168: RuntimeWarning: overflow encountered in true_divide
  np.where(b0 >= pixmax, c*pixmax/b0, c)),
/ext3/miniconda3/lib/python3.8/site-packages/astropy/visualization/lupton_rgb.py:171: RuntimeWarning: overflow encountered in true_divide
  np.where(b0 >= pixmax, c*pixmax/b0, c))).astype(np.uint8)
/ext3/miniconda3/lib/python3.8/site-packages/astropy/visualization/lupton_rgb.py:167: RuntimeWarning: overflow encountered in true_divide
  np.where(r0 >= pixmax, c*pixmax/r0, c),
/ext3/miniconda3/lib/python3.8/site-packages/astropy/visualization/lupton_rgb.py:168: RuntimeWarning: overflow encountered in true_divide
  np.where(b0 >= pixmax, c*pixmax/b0, c)),
/ext3/miniconda3/lib/python3.8/site-packages/astropy/visualization/lupton_rgb.py:170: RuntimeWarning: overflow encountered in true_divide
  np.where(g0 >= pixmax, c*pixmax/g0, c),
/ext3/miniconda3/lib/python3.8/site-packages/astropy/visualization/lupton_rgb.py:171: RuntimeWarning: overflow encountered in true_divide
  np.where(b0 >= pixmax, c*pixmax/b0, c))).astype(np.uint8)
/ext3/miniconda3/lib/python3.8/site-packages/astropy/visualization/lupton_rgb.py:167: RuntimeWarning: overflow encountered in true_divide
  np.where(r0 >= pixmax, c*pixmax/r0, c),
/ext3/miniconda3/lib/python3.8/site-packages/astropy/visualization/lupton_rgb.py:168: RuntimeWarning: overflow encountered in true_divide
  np.where(b0 >= pixmax, c*pixmax/b0, c)),
/ext3/miniconda3/lib/python3.8/site-packages/astropy/visualization/lupton_rgb.py:171: RuntimeWarning: overflow encountered in true_divide
  np.where(b0 >= pixmax, c*pixmax/b0, c))).astype(np.uint8)
/ext3/miniconda3/lib/python3.8/site-packages/astropy/visualization/lupton_rgb.py:167: RuntimeWarning: overflow encountered in true_divide
  np.where(r0 >= pixmax, c*pixmax/r0, c),
/ext3/miniconda3/lib/python3.8/site-packages/astropy/visualization/lupton_rgb.py:170: RuntimeWarning: overflow encountered in true_divide
  np.where(g0 >= pixmax, c*pixmax/g0, c),
/ext3/miniconda3/lib/python3.8/site-packages/astropy/visualization/lupton_rgb.py:167: RuntimeWarning: overflow encountered in true_divide
  np.where(r0 >= pixmax, c*pixmax/r0, c),
/ext3/miniconda3/lib/python3.8/site-packages/astropy/visualization/lupton_rgb.py:168: RuntimeWarning: overflow encountered in true_divide
  np.where(b0 >= pixmax, c*pixmax/b0, c)),
/ext3/miniconda3/lib/python3.8/site-packages/astropy/visualization/lupton_rgb.py:170: RuntimeWarning: overflow encountered in true_divide
  np.where(g0 >= pixmax, c*pixmax/g0, c),
/ext3/miniconda3/lib/python3.8/site-packages/astropy/visualization/lupton_rgb.py:171: RuntimeWarning: overflow encountered in true_divide
  np.where(b0 >= pixmax, c*pixmax/b0, c))).astype(np.uint8)
/ext3/miniconda3/lib/python3.8/site-packages/astropy/visualization/lupton_rgb.py:167: RuntimeWarning: overflow encountered in true_divide
  np.where(r0 >= pixmax, c*pixmax/r0, c),
/ext3/miniconda3/lib/python3.8/site-packages/astropy/visualization/lupton_rgb.py:170: RuntimeWarning: overflow encountered in true_divide
  np.where(g0 >= pixmax, c*pixmax/g0, c),
/ext3/miniconda3/lib/python3.8/site-packages/astropy/visualization/lupton_rgb.py:168: RuntimeWarning: overflow encountered in true_divide
  np.where(b0 >= pixmax, c*pixmax/b0, c)),
/ext3/miniconda3/lib/python3.8/site-packages/astropy/visualization/lupton_rgb.py:170: RuntimeWarning: overflow encountered in true_divide
  np.where(g0 >= pixmax, c*pixmax/g0, c),
/ext3/miniconda3/lib/python3.8/site-packages/astropy/visualization/lupton_rgb.py:171: RuntimeWarning: overflow encountered in true_divide
  np.where(b0 >= pixmax, c*pixmax/b0, c))).astype(np.uint8)
/ext3/miniconda3/lib/python3.8/site-packages/astropy/visualization/lupton_rgb.py:167: RuntimeWarning: overflow encountered in true_divide
  np.where(r0 >= pixmax, c*pixmax/r0, c),
/ext3/miniconda3/lib/python3.8/site-packages/astropy/visualization/lupton_rgb.py:168: RuntimeWarning: overflow encountered in true_divide
  np.where(b0 >= pixmax, c*pixmax/b0, c)),
/ext3/miniconda3/lib/python3.8/site-packages/astropy/visualization/lupton_rgb.py:170: RuntimeWarning: overflow encountered in true_divide
  np.where(g0 >= pixmax, c*pixmax/g0, c),
/ext3/miniconda3/lib/python3.8/site-packages/astropy/visualization/lupton_rgb.py:171: RuntimeWarning: overflow encountered in true_divide
  np.where(b0 >= pixmax, c*pixmax/b0, c))).astype(np.uint8)
/ext3/miniconda3/lib/python3.8/site-packages/astropy/visualization/lupton_rgb.py:167: RuntimeWarning: overflow encountered in true_divide
  np.where(r0 >= pixmax, c*pixmax/r0, c),
/ext3/miniconda3/lib/python3.8/site-packages/astropy/visualization/lupton_rgb.py:168: RuntimeWarning: overflow encountered in true_divide
  np.where(b0 >= pixmax, c*pixmax/b0, c)),
/ext3/miniconda3/lib/python3.8/site-packages/astropy/visualization/lupton_rgb.py:170: RuntimeWarning: overflow encountered in true_divide
  np.where(g0 >= pixmax, c*pixmax/g0, c),
/ext3/miniconda3/lib/python3.8/site-packages/astropy/visualization/lupton_rgb.py:171: RuntimeWarning: overflow encountered in true_divide
  np.where(b0 >= pixmax, c*pixmax/b0, c))).astype(np.uint8)
/ext3/miniconda3/lib/python3.8/site-packages/astropy/visualization/lupton_rgb.py:167: RuntimeWarning: overflow encountered in true_divide
  np.where(r0 >= pixmax, c*pixmax/r0, c),
/ext3/miniconda3/lib/python3.8/site-packages/astropy/visualization/lupton_rgb.py:168: RuntimeWarning: overflow encountered in true_divide
  np.where(b0 >= pixmax, c*pixmax/b0, c)),
/ext3/miniconda3/lib/python3.8/site-packages/astropy/visualization/lupton_rgb.py:170: RuntimeWarning: overflow encountered in true_divide
  np.where(g0 >= pixmax, c*pixmax/g0, c),
/ext3/miniconda3/lib/python3.8/site-packages/astropy/visualization/lupton_rgb.py:171: RuntimeWarning: overflow encountered in true_divide
  np.where(b0 >= pixmax, c*pixmax/b0, c))).astype(np.uint8)
/ext3/miniconda3/lib/python3.8/site-packages/astropy/visualization/lupton_rgb.py:167: RuntimeWarning: overflow encountered in true_divide
  np.where(r0 >= pixmax, c*pixmax/r0, c),
/ext3/miniconda3/lib/python3.8/site-packages/astropy/visualization/lupton_rgb.py:168: RuntimeWarning: overflow encountered in true_divide
  np.where(b0 >= pixmax, c*pixmax/b0, c)),
/ext3/miniconda3/lib/python3.8/site-packages/astropy/visualization/lupton_rgb.py:170: RuntimeWarning: overflow encountered in true_divide
  np.where(g0 >= pixmax, c*pixmax/g0, c),
/ext3/miniconda3/lib/python3.8/site-packages/astropy/visualization/lupton_rgb.py:171: RuntimeWarning: overflow encountered in true_divide
  np.where(b0 >= pixmax, c*pixmax/b0, c))).astype(np.uint8)
/ext3/miniconda3/lib/python3.8/site-packages/astropy/visualization/lupton_rgb.py:167: RuntimeWarning: overflow encountered in true_divide
  np.where(r0 >= pixmax, c*pixmax/r0, c),
/ext3/miniconda3/lib/python3.8/site-packages/astropy/visualization/lupton_rgb.py:168: RuntimeWarning: overflow encountered in true_divide
  np.where(b0 >= pixmax, c*pixmax/b0, c)),
/ext3/miniconda3/lib/python3.8/site-packages/astropy/visualization/lupton_rgb.py:170: RuntimeWarning: overflow encountered in true_divide
  np.where(g0 >= pixmax, c*pixmax/g0, c),
/ext3/miniconda3/lib/python3.8/site-packages/astropy/visualization/lupton_rgb.py:171: RuntimeWarning: overflow encountered in true_divide
  np.where(b0 >= pixmax, c*pixmax/b0, c))).astype(np.uint8)
/ext3/miniconda3/lib/python3.8/site-packages/astropy/visualization/lupton_rgb.py:167: RuntimeWarning: overflow encountered in true_divide
  np.where(r0 >= pixmax, c*pixmax/r0, c),
/ext3/miniconda3/lib/python3.8/site-packages/astropy/visualization/lupton_rgb.py:168: RuntimeWarning: overflow encountered in true_divide
  np.where(b0 >= pixmax, c*pixmax/b0, c)),
/ext3/miniconda3/lib/python3.8/site-packages/astropy/visualization/lupton_rgb.py:170: RuntimeWarning: overflow encountered in true_divide
  np.where(g0 >= pixmax, c*pixmax/g0, c),
/ext3/miniconda3/lib/python3.8/site-packages/astropy/visualization/lupton_rgb.py:171: RuntimeWarning: overflow encountered in true_divide
  np.where(b0 >= pixmax, c*pixmax/b0, c))).astype(np.uint8)
/ext3/miniconda3/lib/python3.8/site-packages/astropy/visualization/lupton_rgb.py:167: RuntimeWarning: overflow encountered in true_divide
  np.where(r0 >= pixmax, c*pixmax/r0, c),
/ext3/miniconda3/lib/python3.8/site-packages/astropy/visualization/lupton_rgb.py:168: RuntimeWarning: overflow encountered in true_divide
  np.where(b0 >= pixmax, c*pixmax/b0, c)),
/ext3/miniconda3/lib/python3.8/site-packages/astropy/visualization/lupton_rgb.py:170: RuntimeWarning: overflow encountered in true_divide
  np.where(g0 >= pixmax, c*pixmax/g0, c),
/ext3/miniconda3/lib/python3.8/site-packages/astropy/visualization/lupton_rgb.py:171: RuntimeWarning: overflow encountered in true_divide
  np.where(b0 >= pixmax, c*pixmax/b0, c))).astype(np.uint8)
/ext3/miniconda3/lib/python3.8/site-packages/astropy/visualization/lupton_rgb.py:167: RuntimeWarning: overflow encountered in true_divide
  np.where(r0 >= pixmax, c*pixmax/r0, c),
/ext3/miniconda3/lib/python3.8/site-packages/astropy/visualization/lupton_rgb.py:170: RuntimeWarning: overflow encountered in true_divide
  np.where(g0 >= pixmax, c*pixmax/g0, c),
/ext3/miniconda3/lib/python3.8/site-packages/astropy/visualization/lupton_rgb.py:168: RuntimeWarning: overflow encountered in true_divide
  np.where(b0 >= pixmax, c*pixmax/b0, c)),
/ext3/miniconda3/lib/python3.8/site-packages/astropy/visualization/lupton_rgb.py:171: RuntimeWarning: overflow encountered in true_divide
  np.where(b0 >= pixmax, c*pixmax/b0, c))).astype(np.uint8)
/ext3/miniconda3/lib/python3.8/site-packages/astropy/visualization/lupton_rgb.py:167: RuntimeWarning: overflow encountered in true_divide
  np.where(r0 >= pixmax, c*pixmax/r0, c),
/ext3/miniconda3/lib/python3.8/site-packages/astropy/visualization/lupton_rgb.py:168: RuntimeWarning: overflow encountered in true_divide
  np.where(b0 >= pixmax, c*pixmax/b0, c)),
/ext3/miniconda3/lib/python3.8/site-packages/astropy/visualization/lupton_rgb.py:170: RuntimeWarning: overflow encountered in true_divide
  np.where(g0 >= pixmax, c*pixmax/g0, c),
/ext3/miniconda3/lib/python3.8/site-packages/astropy/visualization/lupton_rgb.py:171: RuntimeWarning: overflow encountered in true_divide
  np.where(b0 >= pixmax, c*pixmax/b0, c))).astype(np.uint8)
/ext3/miniconda3/lib/python3.8/site-packages/astropy/visualization/lupton_rgb.py:167: RuntimeWarning: overflow encountered in true_divide
  np.where(r0 >= pixmax, c*pixmax/r0, c),
/ext3/miniconda3/lib/python3.8/site-packages/astropy/visualization/lupton_rgb.py:168: RuntimeWarning: overflow encountered in true_divide
  np.where(b0 >= pixmax, c*pixmax/b0, c)),
/ext3/miniconda3/lib/python3.8/site-packages/astropy/visualization/lupton_rgb.py:170: RuntimeWarning: overflow encountered in true_divide
  np.where(g0 >= pixmax, c*pixmax/g0, c),
/ext3/miniconda3/lib/python3.8/site-packages/astropy/visualization/lupton_rgb.py:171: RuntimeWarning: overflow encountered in true_divide
  np.where(b0 >= pixmax, c*pixmax/b0, c))).astype(np.uint8)
/ext3/miniconda3/lib/python3.8/site-packages/astropy/visualization/lupton_rgb.py:167: RuntimeWarning: overflow encountered in true_divide
  np.where(r0 >= pixmax, c*pixmax/r0, c),
/ext3/miniconda3/lib/python3.8/site-packages/astropy/visualization/lupton_rgb.py:168: RuntimeWarning: overflow encountered in true_divide
  np.where(b0 >= pixmax, c*pixmax/b0, c)),
/ext3/miniconda3/lib/python3.8/site-packages/astropy/visualization/lupton_rgb.py:170: RuntimeWarning: overflow encountered in true_divide
  np.where(g0 >= pixmax, c*pixmax/g0, c),
/ext3/miniconda3/lib/python3.8/site-packages/astropy/visualization/lupton_rgb.py:171: RuntimeWarning: overflow encountered in true_divide
  np.where(b0 >= pixmax, c*pixmax/b0, c))).astype(np.uint8)
/ext3/miniconda3/lib/python3.8/site-packages/astropy/visualization/lupton_rgb.py:167: RuntimeWarning: overflow encountered in true_divide
  np.where(r0 >= pixmax, c*pixmax/r0, c),
/ext3/miniconda3/lib/python3.8/site-packages/astropy/visualization/lupton_rgb.py:168: RuntimeWarning: overflow encountered in true_divide
  np.where(b0 >= pixmax, c*pixmax/b0, c)),
/ext3/miniconda3/lib/python3.8/site-packages/astropy/visualization/lupton_rgb.py:170: RuntimeWarning: overflow encountered in true_divide
  np.where(g0 >= pixmax, c*pixmax/g0, c),
/ext3/miniconda3/lib/python3.8/site-packages/astropy/visualization/lupton_rgb.py:171: RuntimeWarning: overflow encountered in true_divide
  np.where(b0 >= pixmax, c*pixmax/b0, c))).astype(np.uint8)
/ext3/miniconda3/lib/python3.8/site-packages/astropy/visualization/lupton_rgb.py:167: RuntimeWarning: overflow encountered in true_divide
  np.where(r0 >= pixmax, c*pixmax/r0, c),
/ext3/miniconda3/lib/python3.8/site-packages/astropy/visualization/lupton_rgb.py:168: RuntimeWarning: overflow encountered in true_divide
  np.where(b0 >= pixmax, c*pixmax/b0, c)),
/ext3/miniconda3/lib/python3.8/site-packages/astropy/visualization/lupton_rgb.py:170: RuntimeWarning: overflow encountered in true_divide
  np.where(g0 >= pixmax, c*pixmax/g0, c),
/ext3/miniconda3/lib/python3.8/site-packages/astropy/visualization/lupton_rgb.py:171: RuntimeWarning: overflow encountered in true_divide
  np.where(b0 >= pixmax, c*pixmax/b0, c))).astype(np.uint8)
/ext3/miniconda3/lib/python3.8/site-packages/astropy/visualization/lupton_rgb.py:167: RuntimeWarning: overflow encountered in true_divide
  np.where(r0 >= pixmax, c*pixmax/r0, c),
/ext3/miniconda3/lib/python3.8/site-packages/astropy/visualization/lupton_rgb.py:168: RuntimeWarning: overflow encountered in true_divide
  np.where(b0 >= pixmax, c*pixmax/b0, c)),
/ext3/miniconda3/lib/python3.8/site-packages/astropy/visualization/lupton_rgb.py:170: RuntimeWarning: overflow encountered in true_divide
  np.where(g0 >= pixmax, c*pixmax/g0, c),
/ext3/miniconda3/lib/python3.8/site-packages/astropy/visualization/lupton_rgb.py:171: RuntimeWarning: overflow encountered in true_divide
  np.where(b0 >= pixmax, c*pixmax/b0, c))).astype(np.uint8)
/ext3/miniconda3/lib/python3.8/site-packages/astropy/visualization/lupton_rgb.py:167: RuntimeWarning: overflow encountered in true_divide
  np.where(r0 >= pixmax, c*pixmax/r0, c),
/ext3/miniconda3/lib/python3.8/site-packages/astropy/visualization/lupton_rgb.py:168: RuntimeWarning: overflow encountered in true_divide
  np.where(b0 >= pixmax, c*pixmax/b0, c)),
/ext3/miniconda3/lib/python3.8/site-packages/astropy/visualization/lupton_rgb.py:170: RuntimeWarning: overflow encountered in true_divide
  np.where(g0 >= pixmax, c*pixmax/g0, c),
/ext3/miniconda3/lib/python3.8/site-packages/astropy/visualization/lupton_rgb.py:171: RuntimeWarning: overflow encountered in true_divide
  np.where(b0 >= pixmax, c*pixmax/b0, c))).astype(np.uint8)
/ext3/miniconda3/lib/python3.8/site-packages/astropy/visualization/lupton_rgb.py:167: RuntimeWarning: overflow encountered in true_divide
  np.where(r0 >= pixmax, c*pixmax/r0, c),
/ext3/miniconda3/lib/python3.8/site-packages/astropy/visualization/lupton_rgb.py:168: RuntimeWarning: overflow encountered in true_divide
  np.where(b0 >= pixmax, c*pixmax/b0, c)),
/ext3/miniconda3/lib/python3.8/site-packages/astropy/visualization/lupton_rgb.py:170: RuntimeWarning: overflow encountered in true_divide
  np.where(g0 >= pixmax, c*pixmax/g0, c),
/ext3/miniconda3/lib/python3.8/site-packages/astropy/visualization/lupton_rgb.py:171: RuntimeWarning: overflow encountered in true_divide
  np.where(b0 >= pixmax, c*pixmax/b0, c))).astype(np.uint8)
/ext3/miniconda3/lib/python3.8/site-packages/astropy/visualization/lupton_rgb.py:167: RuntimeWarning: overflow encountered in true_divide
  np.where(r0 >= pixmax, c*pixmax/r0, c),
/ext3/miniconda3/lib/python3.8/site-packages/astropy/visualization/lupton_rgb.py:168: RuntimeWarning: overflow encountered in true_divide
  np.where(b0 >= pixmax, c*pixmax/b0, c)),
/ext3/miniconda3/lib/python3.8/site-packages/astropy/visualization/lupton_rgb.py:170: RuntimeWarning: overflow encountered in true_divide
  np.where(g0 >= pixmax, c*pixmax/g0, c),
/ext3/miniconda3/lib/python3.8/site-packages/astropy/visualization/lupton_rgb.py:171: RuntimeWarning: overflow encountered in true_divide
  np.where(b0 >= pixmax, c*pixmax/b0, c))).astype(np.uint8)
/ext3/miniconda3/lib/python3.8/site-packages/astropy/visualization/lupton_rgb.py:167: RuntimeWarning: overflow encountered in true_divide
  np.where(r0 >= pixmax, c*pixmax/r0, c),
/ext3/miniconda3/lib/python3.8/site-packages/astropy/visualization/lupton_rgb.py:168: RuntimeWarning: overflow encountered in true_divide
  np.where(b0 >= pixmax, c*pixmax/b0, c)),
/ext3/miniconda3/lib/python3.8/site-packages/astropy/visualization/lupton_rgb.py:170: RuntimeWarning: overflow encountered in true_divide
  np.where(g0 >= pixmax, c*pixmax/g0, c),
/ext3/miniconda3/lib/python3.8/site-packages/astropy/visualization/lupton_rgb.py:171: RuntimeWarning: overflow encountered in true_divide
  np.where(b0 >= pixmax, c*pixmax/b0, c))).astype(np.uint8)
/ext3/miniconda3/lib/python3.8/site-packages/astropy/visualization/lupton_rgb.py:167: RuntimeWarning: overflow encountered in true_divide
  np.where(r0 >= pixmax, c*pixmax/r0, c),
/ext3/miniconda3/lib/python3.8/site-packages/astropy/visualization/lupton_rgb.py:168: RuntimeWarning: overflow encountered in true_divide
  np.where(b0 >= pixmax, c*pixmax/b0, c)),
/ext3/miniconda3/lib/python3.8/site-packages/astropy/visualization/lupton_rgb.py:170: RuntimeWarning: overflow encountered in true_divide
  np.where(g0 >= pixmax, c*pixmax/g0, c),
/ext3/miniconda3/lib/python3.8/site-packages/astropy/visualization/lupton_rgb.py:171: RuntimeWarning: overflow encountered in true_divide
  np.where(b0 >= pixmax, c*pixmax/b0, c))).astype(np.uint8)
/ext3/miniconda3/lib/python3.8/site-packages/astropy/visualization/lupton_rgb.py:167: RuntimeWarning: overflow encountered in true_divide
  np.where(r0 >= pixmax, c*pixmax/r0, c),
/ext3/miniconda3/lib/python3.8/site-packages/astropy/visualization/lupton_rgb.py:168: RuntimeWarning: overflow encountered in true_divide
  np.where(b0 >= pixmax, c*pixmax/b0, c)),
/ext3/miniconda3/lib/python3.8/site-packages/astropy/visualization/lupton_rgb.py:170: RuntimeWarning: overflow encountered in true_divide
  np.where(g0 >= pixmax, c*pixmax/g0, c),
/ext3/miniconda3/lib/python3.8/site-packages/astropy/visualization/lupton_rgb.py:171: RuntimeWarning: overflow encountered in true_divide
  np.where(b0 >= pixmax, c*pixmax/b0, c))).astype(np.uint8)
/ext3/miniconda3/lib/python3.8/site-packages/astropy/visualization/lupton_rgb.py:167: RuntimeWarning: overflow encountered in true_divide
  np.where(r0 >= pixmax, c*pixmax/r0, c),
/ext3/miniconda3/lib/python3.8/site-packages/astropy/visualization/lupton_rgb.py:168: RuntimeWarning: overflow encountered in true_divide
  np.where(b0 >= pixmax, c*pixmax/b0, c)),
/ext3/miniconda3/lib/python3.8/site-packages/astropy/visualization/lupton_rgb.py:170: RuntimeWarning: overflow encountered in true_divide
  np.where(g0 >= pixmax, c*pixmax/g0, c),
/ext3/miniconda3/lib/python3.8/site-packages/astropy/visualization/lupton_rgb.py:171: RuntimeWarning: overflow encountered in true_divide
  np.where(b0 >= pixmax, c*pixmax/b0, c))).astype(np.uint8)
/ext3/miniconda3/lib/python3.8/site-packages/astropy/visualization/lupton_rgb.py:167: RuntimeWarning: overflow encountered in true_divide
  np.where(r0 >= pixmax, c*pixmax/r0, c),
/ext3/miniconda3/lib/python3.8/site-packages/astropy/visualization/lupton_rgb.py:168: RuntimeWarning: overflow encountered in true_divide
  np.where(b0 >= pixmax, c*pixmax/b0, c)),
/ext3/miniconda3/lib/python3.8/site-packages/astropy/visualization/lupton_rgb.py:170: RuntimeWarning: overflow encountered in true_divide
  np.where(g0 >= pixmax, c*pixmax/g0, c),
/ext3/miniconda3/lib/python3.8/site-packages/astropy/visualization/lupton_rgb.py:171: RuntimeWarning: overflow encountered in true_divide
  np.where(b0 >= pixmax, c*pixmax/b0, c))).astype(np.uint8)
/ext3/miniconda3/lib/python3.8/site-packages/astropy/visualization/lupton_rgb.py:167: RuntimeWarning: overflow encountered in true_divide
  np.where(r0 >= pixmax, c*pixmax/r0, c),
/ext3/miniconda3/lib/python3.8/site-packages/astropy/visualization/lupton_rgb.py:168: RuntimeWarning: overflow encountered in true_divide
  np.where(b0 >= pixmax, c*pixmax/b0, c)),
/ext3/miniconda3/lib/python3.8/site-packages/astropy/visualization/lupton_rgb.py:170: RuntimeWarning: overflow encountered in true_divide
  np.where(g0 >= pixmax, c*pixmax/g0, c),
/ext3/miniconda3/lib/python3.8/site-packages/astropy/visualization/lupton_rgb.py:171: RuntimeWarning: overflow encountered in true_divide
  np.where(b0 >= pixmax, c*pixmax/b0, c))).astype(np.uint8)
/ext3/miniconda3/lib/python3.8/site-packages/astropy/visualization/lupton_rgb.py:167: RuntimeWarning: overflow encountered in true_divide
  np.where(r0 >= pixmax, c*pixmax/r0, c),
/ext3/miniconda3/lib/python3.8/site-packages/astropy/visualization/lupton_rgb.py:168: RuntimeWarning: overflow encountered in true_divide
  np.where(b0 >= pixmax, c*pixmax/b0, c)),
/ext3/miniconda3/lib/python3.8/site-packages/astropy/visualization/lupton_rgb.py:170: RuntimeWarning: overflow encountered in true_divide
  np.where(g0 >= pixmax, c*pixmax/g0, c),
/ext3/miniconda3/lib/python3.8/site-packages/astropy/visualization/lupton_rgb.py:171: RuntimeWarning: overflow encountered in true_divide
  np.where(b0 >= pixmax, c*pixmax/b0, c))).astype(np.uint8)
/ext3/miniconda3/lib/python3.8/site-packages/astropy/visualization/lupton_rgb.py:167: RuntimeWarning: overflow encountered in true_divide
  np.where(r0 >= pixmax, c*pixmax/r0, c),
/ext3/miniconda3/lib/python3.8/site-packages/astropy/visualization/lupton_rgb.py:168: RuntimeWarning: overflow encountered in true_divide
  np.where(b0 >= pixmax, c*pixmax/b0, c)),
/ext3/miniconda3/lib/python3.8/site-packages/astropy/visualization/lupton_rgb.py:170: RuntimeWarning: overflow encountered in true_divide
  np.where(g0 >= pixmax, c*pixmax/g0, c),
/ext3/miniconda3/lib/python3.8/site-packages/astropy/visualization/lupton_rgb.py:171: RuntimeWarning: overflow encountered in true_divide
  np.where(b0 >= pixmax, c*pixmax/b0, c))).astype(np.uint8)
/ext3/miniconda3/lib/python3.8/site-packages/astropy/visualization/lupton_rgb.py:167: RuntimeWarning: overflow encountered in true_divide
  np.where(r0 >= pixmax, c*pixmax/r0, c),
/ext3/miniconda3/lib/python3.8/site-packages/astropy/visualization/lupton_rgb.py:168: RuntimeWarning: overflow encountered in true_divide
  np.where(b0 >= pixmax, c*pixmax/b0, c)),
/ext3/miniconda3/lib/python3.8/site-packages/astropy/visualization/lupton_rgb.py:170: RuntimeWarning: overflow encountered in true_divide
  np.where(g0 >= pixmax, c*pixmax/g0, c),
/ext3/miniconda3/lib/python3.8/site-packages/astropy/visualization/lupton_rgb.py:171: RuntimeWarning: overflow encountered in true_divide
  np.where(b0 >= pixmax, c*pixmax/b0, c))).astype(np.uint8)
/ext3/miniconda3/lib/python3.8/site-packages/astropy/visualization/lupton_rgb.py:167: RuntimeWarning: overflow encountered in true_divide
  np.where(r0 >= pixmax, c*pixmax/r0, c),
/ext3/miniconda3/lib/python3.8/site-packages/astropy/visualization/lupton_rgb.py:168: RuntimeWarning: overflow encountered in true_divide
  np.where(b0 >= pixmax, c*pixmax/b0, c)),
/ext3/miniconda3/lib/python3.8/site-packages/astropy/visualization/lupton_rgb.py:170: RuntimeWarning: overflow encountered in true_divide
  np.where(g0 >= pixmax, c*pixmax/g0, c),
/ext3/miniconda3/lib/python3.8/site-packages/astropy/visualization/lupton_rgb.py:171: RuntimeWarning: overflow encountered in true_divide
  np.where(b0 >= pixmax, c*pixmax/b0, c))).astype(np.uint8)
/ext3/miniconda3/lib/python3.8/site-packages/astropy/visualization/lupton_rgb.py:167: RuntimeWarning: overflow encountered in true_divide
  np.where(r0 >= pixmax, c*pixmax/r0, c),
/home/ntf229/sphRad/bin/analysis.py:192: RuntimeWarning: invalid value encountered in true_divide
  xerr = np.absolute(dp_flux[:,ratio_indicies[i][0]] / dp_flux[:,ratio_indicies[i][1]]) * np.sqrt(
/home/ntf229/sphRad/bin/analysis.py:193: RuntimeWarning: invalid value encountered in true_divide
  (dp_err[:,ratio_indicies[i][0]]/dp_flux[:,ratio_indicies[i][0]])**2 +
/home/ntf229/sphRad/bin/analysis.py:194: RuntimeWarning: invalid value encountered in true_divide
  (dp_err[:,ratio_indicies[i][1]]/dp_flux[:,ratio_indicies[i][1]])**2 )
/home/ntf229/sphRad/bin/analysis.py:195: RuntimeWarning: invalid value encountered in true_divide
  yerr = np.absolute(dp_flux[:,ratio_indicies[i][2]] / dp_flux[:,ratio_indicies[i][3]]) * np.sqrt(
/home/ntf229/sphRad/bin/analysis.py:196: RuntimeWarning: invalid value encountered in true_divide
  (dp_err[:,ratio_indicies[i][2]]/dp_flux[:,ratio_indicies[i][2]])**2 +
/home/ntf229/sphRad/bin/analysis.py:197: RuntimeWarning: invalid value encountered in true_divide
  (dp_err[:,ratio_indicies[i][3]]/dp_flux[:,ratio_indicies[i][3]])**2 )
/ext3/miniconda3/lib/python3.8/site-packages/matplotlib/axes/_base.py:2146: UserWarning: Warning: converting a masked element to nan.
  xys = np.asarray(xys)
/home/ntf229/sphRad/bin/analysis.py:225: RuntimeWarning: invalid value encountered in double_scalars
  plt.errorbar(dp_flux[d,ratio_indicies[i][0]] / dp_flux[d,ratio_indicies[i][1]],
/home/ntf229/sphRad/bin/analysis.py:226: RuntimeWarning: invalid value encountered in double_scalars
  dp_flux[d,ratio_indicies[i][2]] / dp_flux[d,ratio_indicies[i][3]],
/home/ntf229/sphRad/bin/analysis.py:245: RuntimeWarning: invalid value encountered in true_divide
  yerr = np.absolute(dp_flux[:,axisRatio_color_indices[i][0]] / dp_flux[:,axisRatio_color_indices[i][1]]) * np.sqrt(
/home/ntf229/sphRad/bin/analysis.py:246: RuntimeWarning: invalid value encountered in true_divide
  (dp_err[:,axisRatio_color_indices[i][0]]/dp_flux[:,axisRatio_color_indices[i][0]])**2 +
/home/ntf229/sphRad/bin/analysis.py:247: RuntimeWarning: invalid value encountered in true_divide
  (dp_err[:,axisRatio_color_indices[i][1]]/dp_flux[:,axisRatio_color_indices[i][1]])**2 )
/home/ntf229/sphRad/bin/analysis.py:268: RuntimeWarning: invalid value encountered in double_scalars
  dp_flux[d,axisRatio_color_indices[i][0]] / dp_flux[d,axisRatio_color_indices[i][1]],
starting g1.88e10
starting axis ratio calculation
starting g1.89e10
starting axis ratio calculation
starting g1.90e10
starting axis ratio calculation
starting g2.34e10
starting axis ratio calculation
starting g2.63e10
starting axis ratio calculation
starting g2.64e10
starting axis ratio calculation
starting g2.80e10
starting axis ratio calculation
starting g2.83e10
starting axis ratio calculation
starting g2.94e10
starting axis ratio calculation
starting g3.44e10
starting axis ratio calculation
starting g3.67e10
starting axis ratio calculation
starting g3.93e10
starting axis ratio calculation
starting g4.27e10
starting axis ratio calculation
starting g4.48e10
starting axis ratio calculation
starting g4.86e10
starting axis ratio calculation
starting g4.94e10
starting axis ratio calculation
starting g4.99e10
starting axis ratio calculation
starting g5.05e10
starting axis ratio calculation
starting g6.12e10
starting axis ratio calculation
starting g6.37e10
starting axis ratio calculation
starting g6.77e10
starting axis ratio calculation
starting g6.91e10
starting axis ratio calculation
starting g7.12e10
starting axis ratio calculation
starting g8.89e10
starting axis ratio calculation
starting g9.59e10
starting axis ratio calculation
starting g1.05e11
starting axis ratio calculation
starting g1.08e11
starting axis ratio calculation
starting g1.37e11
starting axis ratio calculation
starting g1.52e11
starting axis ratio calculation
starting g1.57e11
starting axis ratio calculation
starting g1.59e11
starting axis ratio calculation
starting g1.64e11
starting axis ratio calculation
starting g2.04e11
starting axis ratio calculation
starting g2.19e11
starting axis ratio calculation
starting g2.39e11
starting axis ratio calculation
starting g2.41e11
starting axis ratio calculation
starting g2.42e11
starting axis ratio calculation
starting g2.54e11
starting axis ratio calculation
starting g3.06e11
starting axis ratio calculation
starting g3.21e11
starting axis ratio calculation
starting g3.23e11
starting axis ratio calculation
starting g3.49e11
starting axis ratio calculation
starting g3.55e11
starting axis ratio calculation
starting g3.59e11
starting axis ratio calculation
starting g3.71e11
starting axis ratio calculation
starting g4.90e11
starting axis ratio calculation
starting g5.02e11
starting axis ratio calculation
starting g5.31e11
starting axis ratio calculation
starting g5.36e11
starting axis ratio calculation
starting g5.38e11
starting axis ratio calculation
starting g5.46e11
starting axis ratio calculation
starting g5.55e11
starting axis ratio calculation
starting g6.96e11
starting axis ratio calculation
starting g7.08e11
starting axis ratio calculation
starting g7.44e11
starting axis ratio calculation
starting g7.55e11
starting axis ratio calculation
starting g7.66e11
starting axis ratio calculation
starting g8.06e11
starting axis ratio calculation
starting g8.13e11
starting axis ratio calculation
starting g8.26e11
starting axis ratio calculation
starting g8.28e11
starting axis ratio calculation
starting g1.12e12
starting axis ratio calculation
starting g1.77e12
starting axis ratio calculation
starting g1.92e12
starting axis ratio calculation
starting g2.79e12
starting axis ratio calculation
bad DustPedia data point
bad DustPedia data point
bad DustPedia data point
bad DustPedia data point
bad DustPedia data point
bad DustPedia data point
bad DustPedia data point
bad DustPedia data point
bad DustPedia data point
bad DustPedia data point
bad DustPedia data point
bad DustPedia data point
bad DustPedia data point
bad DustPedia data point
bad DustPedia data point
bad DustPedia data point
bad DustPedia data point
bad DustPedia data point
bad DustPedia data point
bad DustPedia data point
bad DustPedia data point
bad DustPedia data point
bad DustPedia data point
bad DustPedia data point
bad DustPedia data point
bad DustPedia data point
bad DustPedia data point
bad DustPedia data point
bad DustPedia data point
bad DustPedia data point
bad DustPedia data point
bad DustPedia data point
bad DustPedia data point
bad DustPedia data point
bad DustPedia data point
bad DustPedia data point
bad DustPedia data point
bad DustPedia data point
bad DustPedia data point
bad DustPedia data point
bad DustPedia data point
bad DustPedia data point
bad DustPedia data point
bad DustPedia data point
bad DustPedia data point
bad DustPedia data point
bad DustPedia data point
bad DustPedia data point
bad DustPedia data point
bad DustPedia data point
bad DustPedia data point
bad DustPedia data point
bad DustPedia data point
bad DustPedia data point
bad DustPedia data point
bad DustPedia data point
bad DustPedia data point
bad DustPedia data point
bad DustPedia data point
bad DustPedia data point
bad DustPedia data point
bad DustPedia data point
done
